<?xml version="1.0" encoding="UTF-8"?>
<testng-results ignored="0" total="1" passed="1" failed="0" skipped="0">
  <reporter-output>
  </reporter-output>
  <suite started-at="2021-05-08T23:39:58 IDT" name="Default suite" finished-at="2021-05-08T23:40:48 IDT" duration-ms="50525">
    <groups>
    </groups>
    <test started-at="2021-05-08T23:39:58 IDT" name="Default test" finished-at="2021-05-08T23:40:48 IDT" duration-ms="50525">
      <class name="tests.AddProductTestPaymentSum">
        <test-method is-config="true" signature="setup()[pri:0, instance:tests.AddProductTestPaymentSum@c81fd12]" started-at="2021-05-08T23:39:58 IDT" name="setup" finished-at="2021-05-08T23:40:06 IDT" duration-ms="8085" status="PASS">
          <reporter-output>
          </reporter-output>
        </test-method> <!-- setup -->
        <test-method signature="tc04CalcProductsPrice()[pri:1, instance:tests.AddProductTestPaymentSum@c81fd12]" started-at="2021-05-08T23:40:06 IDT" name="tc04CalcProductsPrice" finished-at="2021-05-08T23:40:47 IDT" duration-ms="41408" status="PASS">
          <reporter-output>
          </reporter-output>
        </test-method> <!-- tc04CalcProductsPrice -->
        <test-method is-config="true" signature="tearDown()[pri:0, instance:tests.AddProductTestPaymentSum@c81fd12]" started-at="2021-05-08T23:40:47 IDT" name="tearDown" finished-at="2021-05-08T23:40:48 IDT" duration-ms="760" status="PASS">
          <reporter-output>
          </reporter-output>
        </test-method> <!-- tearDown -->
      </class> <!-- tests.AddProductTestPaymentSum -->
    </test> <!-- Default test -->
  </suite> <!-- Default suite -->
</testng-results>
